#Build: Fabric Compiler 2022.2-SP3, Build 127103, Jun 15 17:26 2023
#Install: C:\pango\PDS_2022.2-SP3\bin
#Application name: pds.exe
#OS: Windows 10 10.0.22621
#Hostname: CAIJIETAO
Generated by Fabric Compiler (version 2022.2-SP3 build 127103) at Wed Oct 25 10:28:14 2023
Parse module hierarchy of project 'D:/Github/2023FPGARace-0285/Reference Design/4_wolf code/2_txt_sim/2_txt_sim/prj/temp_projects/Main_Flow/Main_Flow.pds' (ADS Parser)
Parse module hierarchy of project 'D:/Github/2023FPGARace-0285/Reference Design/4_wolf code/2_txt_sim/2_txt_sim/prj/temp_projects/Main_Flow/Main_Flow.pds' (ADS Parser)
I: Flow-6004: Design file modified: "D:/Github/2023FPGARace-0285/Reference Design/4_wolf code/2_txt_sim/2_txt_sim/src/binaryzation.v". 
Parse module hierarchy of project 'D:/Github/2023FPGARace-0285/Reference Design/4_wolf code/2_txt_sim/2_txt_sim/prj/temp_projects/Main_Flow/Main_Flow.pds' (ADS Parser)
Parse module hierarchy of project 'D:/Github/2023FPGARace-0285/Reference Design/4_wolf code/2_txt_sim/2_txt_sim/prj/temp_projects/Main_Flow/Main_Flow.pds' (ADS Parser)
I: Flow-6004: Design file modified: "D:/Github/2023FPGARace-0285/Reference Design/4_wolf code/2_txt_sim/2_txt_sim/src/binaryzation.v". 
Parse module hierarchy of project 'D:/Github/2023FPGARace-0285/Reference Design/4_wolf code/2_txt_sim/2_txt_sim/prj/temp_projects/Main_Flow/Main_Flow.pds' (ADS Parser)
Parse module hierarchy of project 'D:/Github/2023FPGARace-0285/Reference Design/4_wolf code/2_txt_sim/2_txt_sim/prj/temp_projects/Main_Flow/Main_Flow.pds' (ADS Parser)
I: Flow-6004: Design file modified: "D:/Github/2023FPGARace-0285/Reference Design/4_wolf code/2_txt_sim/2_txt_sim/src/binaryzation.v". 
Parse module hierarchy of project 'D:/Github/2023FPGARace-0285/Reference Design/4_wolf code/2_txt_sim/2_txt_sim/prj/temp_projects/Main_Flow/Main_Flow.pds' (ADS Parser)
Parse module hierarchy of project 'D:/Github/2023FPGARace-0285/Reference Design/4_wolf code/2_txt_sim/2_txt_sim/prj/temp_projects/Main_Flow/Main_Flow.pds' (ADS Parser)
Parse module hierarchy of project 'D:/Github/2023FPGARace-0285/Reference Design/4_wolf code/2_txt_sim/2_txt_sim/prj/temp_projects/Main_Flow/Main_Flow.pds' (ADS Parser)
Parse module hierarchy of project 'D:/Github/2023FPGARace-0285/Reference Design/4_wolf code/2_txt_sim/2_txt_sim/prj/temp_projects/Main_Flow/Main_Flow.pds' (ADS Parser)
Parse module hierarchy of project 'D:/Github/2023FPGARace-0285/Reference Design/4_wolf code/2_txt_sim/2_txt_sim/prj/temp_projects/Main_Flow/Main_Flow.pds' (ADS Parser)
Parse module hierarchy of project 'D:/Github/2023FPGARace-0285/Reference Design/4_wolf code/2_txt_sim/2_txt_sim/prj/temp_projects/Main_Flow/Main_Flow.pds' (ADS Parser)
Parse module hierarchy of project 'D:/Github/2023FPGARace-0285/Reference Design/4_wolf code/2_txt_sim/2_txt_sim/prj/temp_projects/Main_Flow/Main_Flow.pds' (ADS Parser)
Parse module hierarchy of project 'D:/Github/2023FPGARace-0285/Reference Design/4_wolf code/2_txt_sim/2_txt_sim/prj/temp_projects/Main_Flow/Main_Flow.pds' (ADS Parser)
Parse module hierarchy of project 'D:/Github/2023FPGARace-0285/Reference Design/4_wolf code/2_txt_sim/2_txt_sim/prj/temp_projects/Main_Flow/Main_Flow.pds' (ADS Parser)
